0 info it worked if it ends with ok
1 verbose cli [ 'C:\\Program Files\\nodejs\\node.exe',
1 verbose cli   'C:\\Program Files\\nodejs\\node_modules\\npm\\bin\\npm-cli.js',
1 verbose cli   'version',
1 verbose cli   'patch' ]
2 info using npm@2.14.7
3 info using node@v4.2.1
4 info git [ 'status', '--porcelain' ]
5 verbose stack Error: Git working directory not clean.
5 verbose stack M README.md
5 verbose stack M bower.json
5 verbose stack M demo/back2top.html
5 verbose stack M demo/iElevator-back2top.html
5 verbose stack M demo/iElevator.html
5 verbose stack D demo/iElevator.js
5 verbose stack M demo/main.js
5 verbose stack M iElevator.js
5 verbose stack M iElevator.min.js
5 verbose stack     at C:\Program Files\nodejs\node_modules\npm\lib\version.js:171:21
5 verbose stack     at ChildProcess.exithandler (child_process.js:194:7)
5 verbose stack     at emitTwo (events.js:87:13)
5 verbose stack     at ChildProcess.emit (events.js:172:7)
5 verbose stack     at maybeClose (internal/child_process.js:818:16)
5 verbose stack     at Socket.<anonymous> (internal/child_process.js:319:11)
5 verbose stack     at emitOne (events.js:77:13)
5 verbose stack     at Socket.emit (events.js:169:7)
5 verbose stack     at Pipe._onclose (net.js:469:12)
6 verbose cwd D:\myplugin\iElevator
7 error Windows_NT 10.0.10586
8 error argv "C:\\Program Files\\nodejs\\node.exe" "C:\\Program Files\\nodejs\\node_modules\\npm\\bin\\npm-cli.js" "version" "patch"
9 error node v4.2.1
10 error npm  v2.14.7
11 error Git working directory not clean.
11 error M README.md
11 error M bower.json
11 error M demo/back2top.html
11 error M demo/iElevator-back2top.html
11 error M demo/iElevator.html
11 error D demo/iElevator.js
11 error M demo/main.js
11 error M iElevator.js
11 error M iElevator.min.js
12 error If you need help, you may report this error at:
12 error     <https://github.com/npm/npm/issues>
13 verbose exit [ 1, true ]
